0 info it worked if it ends with ok
1 verbose cli [ '/usr/bin/nodejs', '/usr/bin/npm', 'publish' ]
2 info using npm@3.10.5
3 info using node@v5.10.1
4 verbose publish [ '.' ]
5 silly cache add args [ '.', null ]
6 verbose cache add spec .
7 silly cache add parsed spec Result {
7 silly cache add   raw: '.',
7 silly cache add   scope: null,
7 silly cache add   escapedName: null,
7 silly cache add   name: null,
7 silly cache add   rawSpec: '.',
7 silly cache add   spec: '/home/jack/semantic/repos/css',
7 silly cache add   type: 'directory' }
8 verbose addLocalDirectory /home/jack/.npm/semantic-ui-css/2.2.2/package.tgz not in flight; packing
9 verbose correctMkdir /home/jack/.npm correctMkdir not in flight; initializing
10 info lifecycle semantic-ui-css@2.2.2~prepublish: semantic-ui-css@2.2.2
11 silly lifecycle semantic-ui-css@2.2.2~prepublish: no script for prepublish, continuing
12 verbose tar pack [ '/home/jack/.npm/semantic-ui-css/2.2.2/package.tgz',
12 verbose tar pack   '/home/jack/semantic/repos/css' ]
13 verbose tarball /home/jack/.npm/semantic-ui-css/2.2.2/package.tgz
14 verbose folder /home/jack/semantic/repos/css
15 verbose addLocalTarball adding from inside cache /home/jack/.npm/semantic-ui-css/2.2.2/package.tgz
16 verbose correctMkdir /home/jack/.npm correctMkdir not in flight; initializing
17 silly cache afterAdd semantic-ui-css@2.2.2
18 verbose afterAdd /home/jack/.npm/semantic-ui-css/2.2.2/package/package.json not in flight; writing
19 verbose correctMkdir /home/jack/.npm correctMkdir not in flight; initializing
20 verbose afterAdd /home/jack/.npm/semantic-ui-css/2.2.2/package/package.json written
21 silly publish { name: 'semantic-ui-css',
21 silly publish   version: '2.2.2',
21 silly publish   title: 'Semantic UI',
21 silly publish   description: 'CSS Only distribution of Semantic UI',
21 silly publish   homepage: 'http://www.semantic-ui.com',
21 silly publish   author: { name: 'Jack Lukic', email: 'jack@semantic-ui.com' },
21 silly publish   license: 'MIT',
21 silly publish   repository:
21 silly publish    { type: 'git',
21 silly publish      url: 'git://github.com/Semantic-Org/Semantic-UI-CSS.git' },
21 silly publish   bugs: { url: 'https://github.com/Semantic-Org/Semantic-UI/issues' },
21 silly publish   dependencies: { jquery: 'x.*' },
21 silly publish   readme: '# CSS  Distribution\n\nThis repository is automatically synced with the main [Semantic UI](https://github.com/Semantic-Org/Semantic-UI) repository to provide lightweight CSS only version of Semantic UI.\n\nThis package **does not support theming** and includes generated CSS files of the default theme only.\n\nYou can view more on Semantic UI at [LearnSemantic.com](http://www.learnsemantic.com) and [Semantic-UI.com](http://www.semantic-ui.com)\n',
21 silly publish   readmeFilename: 'README.md',
21 silly publish   gitHead: '25ce5aa186c4bf5e8d9cb1017ee3aea9afa3d2c2',
21 silly publish   _id: 'semantic-ui-css@2.2.2',
21 silly publish   scripts: {},
21 silly publish   _shasum: '44297074944adea4ce18386076fd2a6101157307',
21 silly publish   _from: '.' }
22 verbose getPublishConfig undefined
23 silly mapToRegistry name semantic-ui-css
24 silly mapToRegistry using default registry
25 silly mapToRegistry registry https://registry.npmjs.org/
26 silly mapToRegistry data Result {
26 silly mapToRegistry   raw: 'semantic-ui-css',
26 silly mapToRegistry   scope: null,
26 silly mapToRegistry   escapedName: 'semantic-ui-css',
26 silly mapToRegistry   name: 'semantic-ui-css',
26 silly mapToRegistry   rawSpec: '',
26 silly mapToRegistry   spec: 'latest',
26 silly mapToRegistry   type: 'tag' }
27 silly mapToRegistry uri https://registry.npmjs.org/semantic-ui-css
28 verbose publish registryBase https://registry.npmjs.org/
29 silly publish uploading /home/jack/.npm/semantic-ui-css/2.2.2/package.tgz
30 verbose request uri https://registry.npmjs.org/semantic-ui-css
31 verbose request sending authorization for write operation
32 info attempt registry request try #1 at 9:53:37 AM
33 verbose request using bearer token for auth
34 verbose request id 4664e4b6de5efcdc
35 http request PUT https://registry.npmjs.org/semantic-ui-css
36 http 403 https://registry.npmjs.org/semantic-ui-css
37 verbose headers { 'content-type': 'application/json',
37 verbose headers   'cache-control': 'max-age=300',
37 verbose headers   'content-length': '95',
37 verbose headers   'accept-ranges': 'bytes',
37 verbose headers   date: 'Wed, 13 Jul 2016 16:53:35 GMT',
37 verbose headers   via: '1.1 varnish',
37 verbose headers   connection: 'keep-alive',
37 verbose headers   'x-served-by': 'cache-sjc3638-SJC',
37 verbose headers   'x-cache': 'MISS',
37 verbose headers   'x-cache-hits': '0',
37 verbose headers   'x-timer': 'S1468428814.609460,VS0,VE887',
37 verbose headers   vary: 'Accept-Encoding' }
38 verbose request invalidating /home/jack/.npm/registry.npmjs.org/semantic-ui-css on PUT
39 error publish Failed PUT 403
40 verbose stack Error: "You cannot publish over the previously published version 2.2.2." : semantic-ui-css
40 verbose stack     at makeError (/usr/lib/node_modules/npm/node_modules/npm-registry-client/lib/request.js:264:12)
40 verbose stack     at CachingRegistryClient.<anonymous> (/usr/lib/node_modules/npm/node_modules/npm-registry-client/lib/request.js:252:14)
40 verbose stack     at Request._callback (/usr/lib/node_modules/npm/node_modules/npm-registry-client/lib/request.js:172:14)
40 verbose stack     at Request.self.callback (/usr/lib/node_modules/npm/node_modules/request/request.js:200:22)
40 verbose stack     at emitTwo (events.js:100:13)
40 verbose stack     at Request.emit (events.js:185:7)
40 verbose stack     at Request.<anonymous> (/usr/lib/node_modules/npm/node_modules/request/request.js:1067:10)
40 verbose stack     at emitOne (events.js:95:20)
40 verbose stack     at Request.emit (events.js:182:7)
40 verbose stack     at IncomingMessage.<anonymous> (/usr/lib/node_modules/npm/node_modules/request/request.js:988:12)
41 verbose statusCode 403
42 verbose pkgid semantic-ui-css
43 verbose cwd /home/jack/semantic/repos/css
44 error Linux 4.4.0-28-generic
45 error argv "/usr/bin/nodejs" "/usr/bin/npm" "publish"
46 error node v5.10.1
47 error npm  v3.10.5
48 error code E403
49 error "You cannot publish over the previously published version 2.2.2." : semantic-ui-css
50 error If you need help, you may report this error at:
50 error     <https://github.com/npm/npm/issues>
51 verbose exit [ 1, true ]
